<?xml version="1.0" encoding="UTF-8"?>
<robot generator="Robot 3.1.2 (Python 3.7.4 on win32)" generated="20190918 18:38:00.401" rpa="false">
<suite id="s1" name="LoginPageTestSuite" source="C:\Users\Pradeep\Desktop\RF\New folder\LoginPage\LoginPageTestSuite.robot">
<test id="s1-t1" name="Testcase_001-LoginPage">
<kw name="login to Application as a Employee with Valid credentials" library="LoginPageResource">
<tags>
<tag>Smoke Testing</tag>
</tags>
<doc>This is some basic info about the test</doc>
<kw name="Open Browser" library="SeleniumLibrary">
<doc>Opens a new browser instance to the given ``url``.</doc>
<arguments>
<arg>${URL}</arg>
<arg>${Browser}</arg>
</arguments>
<msg timestamp="20190918 18:38:02.832" level="INFO">Opening browser 'Chrome' to base url 'http://attendance1.esstest.gr8hr.biz'.</msg>
<status status="PASS" starttime="20190918 18:38:02.832" endtime="20190918 18:38:29.503"></status>
</kw>
<kw name="Maximize Browser Window" library="SeleniumLibrary">
<doc>Maximizes current browser window.</doc>
<status status="PASS" starttime="20190918 18:38:29.503" endtime="20190918 18:38:33.661"></status>
</kw>
<kw name="Sleep" library="BuiltIn">
<doc>Pauses the test executed for the given time.</doc>
<arguments>
<arg>5s</arg>
</arguments>
<msg timestamp="20190918 18:38:38.681" level="INFO">Slept 5 seconds</msg>
<status status="PASS" starttime="20190918 18:38:33.661" endtime="20190918 18:38:38.682"></status>
</kw>
<kw name="Input Text" library="SeleniumLibrary">
<doc>Types the given ``text`` into text field identified by ``locator``.</doc>
<arguments>
<arg>xpath=//input[@name='username']</arg>
<arg>${username}</arg>
</arguments>
<msg timestamp="20190918 18:38:38.683" level="INFO">Typing text '5096' into text field 'xpath=//input[@name='username']'.</msg>
<status status="PASS" starttime="20190918 18:38:38.682" endtime="20190918 18:38:38.792"></status>
</kw>
<kw name="Input Text" library="SeleniumLibrary">
<doc>Types the given ``text`` into text field identified by ``locator``.</doc>
<arguments>
<arg>xpath=//input[@name='password']</arg>
<arg>${password}</arg>
</arguments>
<msg timestamp="20190918 18:38:38.793" level="INFO">Typing text 'sa' into text field 'xpath=//input[@name='password']'.</msg>
<status status="PASS" starttime="20190918 18:38:38.792" endtime="20190918 18:38:38.884"></status>
</kw>
<kw name="Click Button" library="SeleniumLibrary">
<doc>Clicks button identified by ``locator``.</doc>
<arguments>
<arg>xpath=//button[contains(@type,'submit')]</arg>
</arguments>
<msg timestamp="20190918 18:38:38.884" level="INFO">Clicking button 'xpath=//button[contains(@type,'submit')]'.</msg>
<status status="PASS" starttime="20190918 18:38:38.884" endtime="20190918 18:38:38.979"></status>
</kw>
<kw name="Sleep" library="BuiltIn">
<doc>Pauses the test executed for the given time.</doc>
<arguments>
<arg>10s</arg>
</arguments>
<msg timestamp="20190918 18:38:48.981" level="INFO">Slept 10 seconds</msg>
<status status="PASS" starttime="20190918 18:38:38.979" endtime="20190918 18:38:48.981"></status>
</kw>
<kw name="Click Element" library="SeleniumLibrary">
<doc>Click element identified by ``locator``.</doc>
<arguments>
<arg>${Signout}</arg>
</arguments>
<msg timestamp="20190918 18:38:48.982" level="INFO">Clicking element 'xpath=//a[@title='Logout']'.</msg>
<status status="PASS" starttime="20190918 18:38:48.982" endtime="20190918 18:38:54.501"></status>
</kw>
<kw name="Sleep" library="BuiltIn">
<doc>Pauses the test executed for the given time.</doc>
<arguments>
<arg>5s</arg>
</arguments>
<msg timestamp="20190918 18:38:59.502" level="INFO">Slept 5 seconds</msg>
<status status="PASS" starttime="20190918 18:38:54.501" endtime="20190918 18:38:59.502"></status>
</kw>
<status status="PASS" starttime="20190918 18:38:02.772" endtime="20190918 18:38:59.503"></status>
</kw>
<kw name="login to Application as a Employee with InValid credentials" library="LoginPageResource">
<kw name="Click Element" library="SeleniumLibrary">
<doc>Click element identified by ``locator``.</doc>
<arguments>
<arg>${Login}</arg>
</arguments>
<msg timestamp="20190918 18:38:59.504" level="INFO">Clicking element 'xpath=//small[contains(.,'Login again')]'.</msg>
<status status="PASS" starttime="20190918 18:38:59.504" endtime="20190918 18:38:59.750"></status>
</kw>
<kw name="Sleep" library="BuiltIn">
<doc>Pauses the test executed for the given time.</doc>
<arguments>
<arg>7s</arg>
</arguments>
<msg timestamp="20190918 18:39:06.761" level="INFO">Slept 7 seconds</msg>
<status status="PASS" starttime="20190918 18:38:59.751" endtime="20190918 18:39:06.761"></status>
</kw>
<kw name="Input Text" library="SeleniumLibrary">
<doc>Types the given ``text`` into text field identified by ``locator``.</doc>
<arguments>
<arg>xpath=//input[@name='username']</arg>
<arg>${${Invalidusername}}</arg>
</arguments>
<msg timestamp="20190918 18:39:06.761" level="INFO">Typing text '5096' into text field 'xpath=//input[@name='username']'.</msg>
<status status="PASS" starttime="20190918 18:39:06.761" endtime="20190918 18:39:06.867"></status>
</kw>
<kw name="Input Text" library="SeleniumLibrary">
<doc>Types the given ``text`` into text field identified by ``locator``.</doc>
<arguments>
<arg>xpath=//input[@name='password']</arg>
<arg>${Invalidusername}</arg>
</arguments>
<msg timestamp="20190918 18:39:06.868" level="INFO">Typing text '5096' into text field 'xpath=//input[@name='password']'.</msg>
<status status="PASS" starttime="20190918 18:39:06.867" endtime="20190918 18:39:06.959"></status>
</kw>
<kw name="Click Button" library="SeleniumLibrary">
<doc>Clicks button identified by ``locator``.</doc>
<arguments>
<arg>xpath=//button[contains(@type,'submit')]</arg>
</arguments>
<msg timestamp="20190918 18:39:06.960" level="INFO">Clicking button 'xpath=//button[contains(@type,'submit')]'.</msg>
<status status="PASS" starttime="20190918 18:39:06.960" endtime="20190918 18:39:07.053"></status>
</kw>
<kw name="Sleep" library="BuiltIn">
<doc>Pauses the test executed for the given time.</doc>
<arguments>
<arg>10s</arg>
</arguments>
<msg timestamp="20190918 18:39:17.054" level="INFO">Slept 10 seconds</msg>
<status status="PASS" starttime="20190918 18:39:07.053" endtime="20190918 18:39:17.054"></status>
</kw>
<kw name="Page Should Contain" library="SeleniumLibrary">
<doc>Verifies that current page contains ``text``.</doc>
<arguments>
<arg>Username or password is incorrect!</arg>
</arguments>
<msg timestamp="20190918 18:39:17.078" level="INFO">Current page contains text 'Username or password is incorrect!'.</msg>
<status status="PASS" starttime="20190918 18:39:17.055" endtime="20190918 18:39:17.078"></status>
</kw>
<status status="PASS" starttime="20190918 18:38:59.503" endtime="20190918 18:39:17.078"></status>
</kw>
<status status="PASS" starttime="20190918 18:38:02.772" endtime="20190918 18:39:17.079" critical="yes"></status>
</test>
<doc>A test suite with a single test for valid login.</doc>
<status status="PASS" starttime="20190918 18:38:00.771" endtime="20190918 18:39:17.079"></status>
</suite>
<statistics>
<total>
<stat pass="1" fail="0">Critical Tests</stat>
<stat pass="1" fail="0">All Tests</stat>
</total>
<tag>
</tag>
<suite>
<stat pass="1" fail="0" id="s1" name="LoginPageTestSuite">LoginPageTestSuite</stat>
</suite>
</statistics>
<errors>
</errors>
</robot>
